<?xml version="1.0" encoding="UTF-8"?>
<testsuite xmlns:xsi="http://www.w3.org/2001/XMLSchema-instance" xsi:noNamespaceSchemaLocation="https://maven.apache.org/surefire/maven-surefire-plugin/xsd/surefire-test-report-3.0.xsd" version="3.0" name="com.andrewhun.finance.AppTest" time="0.816" tests="1" errors="0" skipped="0" failures="0">
  <properties>
[...]
</properties>
  <testcase name="testDisplayingHelloWorldPage" classname="com.andrewhun.finance.AppTest" time="0.783">
    <system-err><![CDATA[Jul 27, 2025 1:35:29 PM com.sun.javafx.application.PlatformImpl startup
WARNING: Unsupported JavaFX configuration: classes were loaded from 'unnamed module @7a9273a8'
]]></system-err>
  </testcase>
</testsuite>