<?xml version="1.0" encoding="UTF-8"?>
<testsuite xmlns:xsi="http://www.w3.org/2001/XMLSchema-instance" xsi:noNamespaceSchemaLocation="https://maven.apache.org/surefire/maven-surefire-plugin/xsd/surefire-test-report-3.0.xsd" version="3.0" name="com.andrewhun.finance.user.UserTest" time="0.109" tests="9" errors="0" skipped="0" failures="0">
  <properties>
[...]
</properties>
  <testcase name="testReconstituteHasNonNullId" classname="com.andrewhun.finance.user.UserTest" time="0.044"/>
  <testcase name="testNewUserHasNullId" classname="com.andrewhun.finance.user.UserTest" time="0.012"/>
  <testcase name="testAuthenticateWithWrongPassword" classname="com.andrewhun.finance.user.UserTest" time="0.023"/>
  <testcase name="testLogoutSetsLoggedInFalse" classname="com.andrewhun.finance.user.UserTest" time="0.004"/>
  <testcase name="testLoginSetsLoggedInTrue" classname="com.andrewhun.finance.user.UserTest" time="0.004"/>
  <testcase name="testAdjustBalanceIncrease" classname="com.andrewhun.finance.user.UserTest" time="0.004"/>
  <testcase name="testAuthenticateWithCorrectPassword" classname="com.andrewhun.finance.user.UserTest" time="0.006"/>
  <testcase name="testAdjustBalanceDecrease" classname="com.andrewhun.finance.user.UserTest" time="0.003"/>
  <testcase name="testLogoutIsIdempotent" classname="com.andrewhun.finance.user.UserTest" time="0.003"/>
</testsuite>