<?xml version="1.0" encoding="UTF-8"?>
<testsuite xmlns:xsi="http://www.w3.org/2001/XMLSchema-instance" xsi:noNamespaceSchemaLocation="https://maven.apache.org/surefire/maven-surefire-plugin/xsd/surefire-test-report.xsd" name="com.andrewhun.finance.LoginTabControllerTest" time="12.177" tests="6" errors="0" skipped="0" failures="0">
  <properties>
[...]
</properties>
  <testcase name="testAllFieldsLeftEmpty" classname="com.andrewhun.finance.LoginTabControllerTest" time="0.723"/>
  <testcase name="testInvalidUsername" classname="com.andrewhun.finance.LoginTabControllerTest" time="2.415"/>
  <testcase name="testPasswordFieldLeftEmpty" classname="com.andrewhun.finance.LoginTabControllerTest" time="1.596"/>
  <testcase name="testLoggingIn" classname="com.andrewhun.finance.LoginTabControllerTest" time="2.684"/>
  <testcase name="testUsernameFieldLeftEmpty" classname="com.andrewhun.finance.LoginTabControllerTest" time="1.703"/>
  <testcase name="testIncorrectPassword" classname="com.andrewhun.finance.LoginTabControllerTest" time="2.081"/>
</testsuite>